{"/home/manishv/Internship-files/React/blinkist/src/App.tsx": {"path":"/home/manishv/Internship-files/React/blinkist/src/App.tsx","statementMap":{"0":{"start":{"line":9,"column":2},"end":{"line":21,"column":4}}},"fnMap":{"0":{"name":"App","decl":{"start":{"line":8,"column":9},"end":{"line":8,"column":12}},"loc":{"start":{"line":8,"column":15},"end":{"line":22,"column":1}},"line":8}},"branchMap":{},"s":{"0":0},"f":{"0":0},"b":{}}
,"/home/manishv/Internship-files/React/blinkist/src/CustomThemeProvider.tsx": {"path":"/home/manishv/Internship-files/React/blinkist/src/CustomThemeProvider.tsx","statementMap":{"0":{"start":{"line":9,"column":4},"end":{"line":15,"column":5}}},"fnMap":{"0":{"name":"CustomThemeProvider","decl":{"start":{"line":8,"column":24},"end":{"line":8,"column":43}},"loc":{"start":{"line":8,"column":76},"end":{"line":16,"column":1}},"line":8}},"branchMap":{},"s":{"0":0},"f":{"0":0},"b":{}}
,"/home/manishv/Internship-files/React/blinkist/src/Theme.ts": {"path":"/home/manishv/Internship-files/React/blinkist/src/Theme.ts","statementMap":{"0":{"start":{"line":3,"column":14},"end":{"line":81,"column":2}}},"fnMap":{},"branchMap":{},"s":{"0":0},"f":{},"b":{}}
,"/home/manishv/Internship-files/React/blinkist/src/index.tsx": {"path":"/home/manishv/Internship-files/React/blinkist/src/index.tsx","statementMap":{"0":{"start":{"line":8,"column":15},"end":{"line":8,"column":42}},"1":{"start":{"line":9,"column":17},"end":{"line":9,"column":51}},"2":{"start":{"line":11,"column":0},"end":{"line":21,"column":2}},"3":{"start":{"line":26,"column":0},"end":{"line":26,"column":18}}},"fnMap":{},"branchMap":{},"s":{"0":0,"1":0,"2":0,"3":0},"f":{},"b":{}}
,"/home/manishv/Internship-files/React/blinkist/src/reportWebVitals.ts": {"path":"/home/manishv/Internship-files/React/blinkist/src/reportWebVitals.ts","statementMap":{"0":{"start":{"line":3,"column":24},"end":{"line":13,"column":1}},"1":{"start":{"line":4,"column":2},"end":{"line":12,"column":3}},"2":{"start":{"line":5,"column":4},"end":{"line":11,"column":7}},"3":{"start":{"line":6,"column":6},"end":{"line":6,"column":26}},"4":{"start":{"line":7,"column":6},"end":{"line":7,"column":26}},"5":{"start":{"line":8,"column":6},"end":{"line":8,"column":26}},"6":{"start":{"line":9,"column":6},"end":{"line":9,"column":26}},"7":{"start":{"line":10,"column":6},"end":{"line":10,"column":27}}},"fnMap":{"0":{"name":"(anonymous_0)","decl":{"start":{"line":3,"column":24},"end":{"line":3,"column":25}},"loc":{"start":{"line":3,"column":57},"end":{"line":13,"column":1}},"line":3},"1":{"name":"(anonymous_1)","decl":{"start":{"line":5,"column":30},"end":{"line":5,"column":31}},"loc":{"start":{"line":5,"column":79},"end":{"line":11,"column":5}},"line":5}},"branchMap":{"0":{"loc":{"start":{"line":4,"column":2},"end":{"line":12,"column":3}},"type":"if","locations":[{"start":{"line":4,"column":2},"end":{"line":12,"column":3}},{"start":{},"end":{}}],"line":4},"1":{"loc":{"start":{"line":4,"column":6},"end":{"line":4,"column":52}},"type":"binary-expr","locations":[{"start":{"line":4,"column":6},"end":{"line":4,"column":17}},{"start":{"line":4,"column":21},"end":{"line":4,"column":52}}],"line":4}},"s":{"0":0,"1":0,"2":0,"3":0,"4":0,"5":0,"6":0,"7":0},"f":{"0":0,"1":0},"b":{"0":[0,0],"1":[0,0]}}
,"/home/manishv/Internship-files/React/blinkist/src/BasicTemplate/BasicTemplate.stories.tsx": {"path":"/home/manishv/Internship-files/React/blinkist/src/BasicTemplate/BasicTemplate.stories.tsx","statementMap":{"0":{"start":{"line":8,"column":55},"end":{"line":12,"column":3}},"1":{"start":{"line":10,"column":6},"end":{"line":10,"column":23}},"2":{"start":{"line":14,"column":29},"end":{"line":14,"column":46}}},"fnMap":{"0":{"name":"(anonymous_0)","decl":{"start":{"line":8,"column":55},"end":{"line":8,"column":56}},"loc":{"start":{"line":10,"column":6},"end":{"line":10,"column":23}},"line":10}},"branchMap":{},"s":{"0":0,"1":0,"2":0},"f":{"0":0},"b":{}}
,"/home/manishv/Internship-files/React/blinkist/src/BasicTemplate/BasicTemplate.tsx": {"path":"/home/manishv/Internship-files/React/blinkist/src/BasicTemplate/BasicTemplate.tsx","statementMap":{"0":{"start":{"line":3,"column":2},"end":{"line":9,"column":4}}},"fnMap":{"0":{"name":"BasicTemplate","decl":{"start":{"line":2,"column":24},"end":{"line":2,"column":37}},"loc":{"start":{"line":2,"column":40},"end":{"line":10,"column":1}},"line":2}},"branchMap":{},"s":{"0":0},"f":{"0":0},"b":{}}
,"/home/manishv/Internship-files/React/blinkist/src/components/Pages/BookDetailsPage/BookDetailsPage.stories.tsx": {"path":"/home/manishv/Internship-files/React/blinkist/src/components/Pages/BookDetailsPage/BookDetailsPage.stories.tsx","statementMap":{"0":{"start":{"line":9,"column":57},"end":{"line":15,"column":1}},"1":{"start":{"line":10,"column":4},"end":{"line":14,"column":13}},"2":{"start":{"line":17,"column":30},"end":{"line":17,"column":47}}},"fnMap":{"0":{"name":"(anonymous_0)","decl":{"start":{"line":9,"column":57},"end":{"line":9,"column":58}},"loc":{"start":{"line":10,"column":4},"end":{"line":14,"column":13}},"line":10}},"branchMap":{},"s":{"0":0,"1":0,"2":0},"f":{"0":0},"b":{}}
,"/home/manishv/Internship-files/React/blinkist/src/components/Pages/BookDetailsPage/BookDetailsPage.tsx": {"path":"/home/manishv/Internship-files/React/blinkist/src/components/Pages/BookDetailsPage/BookDetailsPage.tsx","statementMap":{"0":{"start":{"line":5,"column":2},"end":{"line":7,"column":4}}},"fnMap":{"0":{"name":"BookDetailsPage","decl":{"start":{"line":4,"column":24},"end":{"line":4,"column":39}},"loc":{"start":{"line":4,"column":42},"end":{"line":8,"column":1}},"line":4}},"branchMap":{},"s":{"0":3},"f":{"0":3},"b":{},"_coverageSchema":"1a1c01bbd47fc00a2c39e90264f33305004495a9","hash":"fea0aa6df5f1b4ff04d90fd6e4bab25566a9135e"}
,"/home/manishv/Internship-files/React/blinkist/src/components/Pages/EnterpreneurshipPage/EnterpreneurshipPage.stories.tsx": {"path":"/home/manishv/Internship-files/React/blinkist/src/components/Pages/EnterpreneurshipPage/EnterpreneurshipPage.stories.tsx","statementMap":{"0":{"start":{"line":9,"column":62},"end":{"line":15,"column":1}},"1":{"start":{"line":10,"column":4},"end":{"line":14,"column":13}},"2":{"start":{"line":17,"column":35},"end":{"line":17,"column":52}}},"fnMap":{"0":{"name":"(anonymous_0)","decl":{"start":{"line":9,"column":62},"end":{"line":9,"column":63}},"loc":{"start":{"line":10,"column":4},"end":{"line":14,"column":13}},"line":10}},"branchMap":{},"s":{"0":0,"1":0,"2":0},"f":{"0":0},"b":{}}
,"/home/manishv/Internship-files/React/blinkist/src/components/Pages/EnterpreneurshipPage/EnterpreneurshipPage.tsx": {"path":"/home/manishv/Internship-files/React/blinkist/src/components/Pages/EnterpreneurshipPage/EnterpreneurshipPage.tsx","statementMap":{"0":{"start":{"line":6,"column":2},"end":{"line":17,"column":4}}},"fnMap":{"0":{"name":"EnterpreneurshipPage","decl":{"start":{"line":5,"column":24},"end":{"line":5,"column":44}},"loc":{"start":{"line":5,"column":47},"end":{"line":18,"column":1}},"line":5}},"branchMap":{},"s":{"0":3},"f":{"0":3},"b":{},"_coverageSchema":"1a1c01bbd47fc00a2c39e90264f33305004495a9","hash":"27f91657dea4ee49c9fa3ebfa96bc41f20ce8b18"}
,"/home/manishv/Internship-files/React/blinkist/src/components/Pages/MyLibraryPage/MyLibraryPage.stories.tsx": {"path":"/home/manishv/Internship-files/React/blinkist/src/components/Pages/MyLibraryPage/MyLibraryPage.stories.tsx","statementMap":{"0":{"start":{"line":9,"column":55},"end":{"line":15,"column":1}},"1":{"start":{"line":10,"column":4},"end":{"line":14,"column":13}},"2":{"start":{"line":17,"column":28},"end":{"line":17,"column":45}}},"fnMap":{"0":{"name":"(anonymous_0)","decl":{"start":{"line":9,"column":55},"end":{"line":9,"column":56}},"loc":{"start":{"line":10,"column":4},"end":{"line":14,"column":13}},"line":10}},"branchMap":{},"s":{"0":0,"1":0,"2":0},"f":{"0":0},"b":{}}
,"/home/manishv/Internship-files/React/blinkist/src/components/Pages/MyLibraryPage/MyLibraryPage.tsx": {"path":"/home/manishv/Internship-files/React/blinkist/src/components/Pages/MyLibraryPage/MyLibraryPage.tsx","statementMap":{"0":{"start":{"line":6,"column":2},"end":{"line":12,"column":4}}},"fnMap":{"0":{"name":"MyLibraryPage","decl":{"start":{"line":5,"column":24},"end":{"line":5,"column":37}},"loc":{"start":{"line":5,"column":40},"end":{"line":13,"column":1}},"line":5}},"branchMap":{},"s":{"0":3},"f":{"0":3},"b":{},"_coverageSchema":"1a1c01bbd47fc00a2c39e90264f33305004495a9","hash":"6664d55fcaba6f86e45b241523dea2ce4762d7aa"}
,"/home/manishv/Internship-files/React/blinkist/src/components/Template/Template.tsx": {"path":"/home/manishv/Internship-files/React/blinkist/src/components/Template/Template.tsx","statementMap":{"0":{"start":{"line":5,"column":2},"end":{"line":15,"column":4}}},"fnMap":{"0":{"name":"Template","decl":{"start":{"line":4,"column":24},"end":{"line":4,"column":32}},"loc":{"start":{"line":4,"column":45},"end":{"line":16,"column":1}},"line":4}},"branchMap":{},"s":{"0":9},"f":{"0":9},"b":{},"_coverageSchema":"1a1c01bbd47fc00a2c39e90264f33305004495a9","hash":"65a72455266591d56104d29d546273d33c975452"}
,"/home/manishv/Internship-files/React/blinkist/src/components/atoms/Avatar/Avatar.stories.tsx": {"path":"/home/manishv/Internship-files/React/blinkist/src/components/atoms/Avatar/Avatar.stories.tsx","statementMap":{"0":{"start":{"line":9,"column":54},"end":{"line":9,"column":135}},"1":{"start":{"line":9,"column":64},"end":{"line":9,"column":135}},"2":{"start":{"line":11,"column":29},"end":{"line":11,"column":46}}},"fnMap":{"0":{"name":"(anonymous_0)","decl":{"start":{"line":9,"column":54},"end":{"line":9,"column":55}},"loc":{"start":{"line":9,"column":64},"end":{"line":9,"column":135}},"line":9}},"branchMap":{},"s":{"0":0,"1":0,"2":0},"f":{"0":0},"b":{}}
,"/home/manishv/Internship-files/React/blinkist/src/components/atoms/Avatar/CustomAvatar.tsx": {"path":"/home/manishv/Internship-files/React/blinkist/src/components/atoms/Avatar/CustomAvatar.tsx","statementMap":{"0":{"start":{"line":5,"column":4},"end":{"line":7,"column":5}}},"fnMap":{"0":{"name":"CustomAvatar","decl":{"start":{"line":4,"column":24},"end":{"line":4,"column":36}},"loc":{"start":{"line":4,"column":56},"end":{"line":8,"column":1}},"line":4}},"branchMap":{},"s":{"0":1},"f":{"0":1},"b":{},"_coverageSchema":"1a1c01bbd47fc00a2c39e90264f33305004495a9","hash":"8ec3f31466acfcde74ed9b2d733f82ce017a023f"}
,"/home/manishv/Internship-files/React/blinkist/src/components/atoms/Button/Button.stories.tsx": {"path":"/home/manishv/Internship-files/React/blinkist/src/components/atoms/Button/Button.stories.tsx","statementMap":{"0":{"start":{"line":9,"column":54},"end":{"line":14,"column":1}},"1":{"start":{"line":10,"column":4},"end":{"line":13,"column":26}},"2":{"start":{"line":16,"column":25},"end":{"line":16,"column":42}},"3":{"start":{"line":17,"column":0},"end":{"line":21,"column":1}}},"fnMap":{"0":{"name":"(anonymous_0)","decl":{"start":{"line":9,"column":54},"end":{"line":9,"column":55}},"loc":{"start":{"line":10,"column":4},"end":{"line":13,"column":26}},"line":10}},"branchMap":{},"s":{"0":0,"1":0,"2":0,"3":0},"f":{"0":0},"b":{}}
,"/home/manishv/Internship-files/React/blinkist/src/components/atoms/Button/CustomButton.tsx": {"path":"/home/manishv/Internship-files/React/blinkist/src/components/atoms/Button/CustomButton.tsx","statementMap":{"0":{"start":{"line":3,"column":2},"end":{"line":16,"column":4}}},"fnMap":{"0":{"name":"CustomButton","decl":{"start":{"line":2,"column":24},"end":{"line":2,"column":36}},"loc":{"start":{"line":2,"column":57},"end":{"line":17,"column":1}},"line":2}},"branchMap":{},"s":{"0":199},"f":{"0":199},"b":{},"_coverageSchema":"1a1c01bbd47fc00a2c39e90264f33305004495a9","hash":"0082267d4ea1f2befd650b7a84ded3944369f24b"}
,"/home/manishv/Internship-files/React/blinkist/src/components/atoms/Logo/Logo.stories.tsx": {"path":"/home/manishv/Internship-files/React/blinkist/src/components/atoms/Logo/Logo.stories.tsx","statementMap":{"0":{"start":{"line":8,"column":21},"end":{"line":8,"column":35}},"1":{"start":{"line":8,"column":27},"end":{"line":8,"column":35}}},"fnMap":{"0":{"name":"(anonymous_0)","decl":{"start":{"line":8,"column":21},"end":{"line":8,"column":22}},"loc":{"start":{"line":8,"column":27},"end":{"line":8,"column":35}},"line":8}},"branchMap":{},"s":{"0":0,"1":0},"f":{"0":0},"b":{}}
,"/home/manishv/Internship-files/React/blinkist/src/components/atoms/Logo/Logo.tsx": {"path":"/home/manishv/Internship-files/React/blinkist/src/components/atoms/Logo/Logo.tsx","statementMap":{"0":{"start":{"line":8,"column":4},"end":{"line":10,"column":6}}},"fnMap":{"0":{"name":"Logo","decl":{"start":{"line":7,"column":24},"end":{"line":7,"column":28}},"loc":{"start":{"line":7,"column":53},"end":{"line":11,"column":1}},"line":7}},"branchMap":{},"s":{"0":28},"f":{"0":28},"b":{},"_coverageSchema":"1a1c01bbd47fc00a2c39e90264f33305004495a9","hash":"45c66bcff171083f1b4960f2b836cfa568789734"}
,"/home/manishv/Internship-files/React/blinkist/src/components/atoms/Search/CustomSearch.tsx": {"path":"/home/manishv/Internship-files/React/blinkist/src/components/atoms/Search/CustomSearch.tsx","statementMap":{"0":{"start":{"line":8,"column":21},"end":{"line":16,"column":1}},"1":{"start":{"line":9,"column":4},"end":{"line":15,"column":7}}},"fnMap":{"0":{"name":"(anonymous_0)","decl":{"start":{"line":8,"column":21},"end":{"line":8,"column":22}},"loc":{"start":{"line":8,"column":60},"end":{"line":16,"column":1}},"line":8}},"branchMap":{},"s":{"0":5,"1":46},"f":{"0":46},"b":{},"_coverageSchema":"1a1c01bbd47fc00a2c39e90264f33305004495a9","hash":"9c1b63ea4adf919f3da627de3cb6bd72ed410e32"}
,"/home/manishv/Internship-files/React/blinkist/src/components/atoms/Search/Search.stories.tsx": {"path":"/home/manishv/Internship-files/React/blinkist/src/components/atoms/Search/Search.stories.tsx","statementMap":{"0":{"start":{"line":9,"column":53},"end":{"line":9,"column":89}},"1":{"start":{"line":9,"column":63},"end":{"line":9,"column":89}},"2":{"start":{"line":11,"column":28},"end":{"line":11,"column":45}}},"fnMap":{"0":{"name":"(anonymous_0)","decl":{"start":{"line":9,"column":53},"end":{"line":9,"column":54}},"loc":{"start":{"line":9,"column":63},"end":{"line":9,"column":89}},"line":9}},"branchMap":{},"s":{"0":0,"1":0,"2":0},"f":{"0":0},"b":{}}
,"/home/manishv/Internship-files/React/blinkist/src/components/atoms/typography/Typography.stories.tsx": {"path":"/home/manishv/Internship-files/React/blinkist/src/components/atoms/typography/Typography.stories.tsx","statementMap":{"0":{"start":{"line":12,"column":45},"end":{"line":12,"column":72}},"1":{"start":{"line":12,"column":55},"end":{"line":12,"column":72}},"2":{"start":{"line":14,"column":20},"end":{"line":14,"column":37}},"3":{"start":{"line":17,"column":0},"end":{"line":20,"column":2}}},"fnMap":{"0":{"name":"(anonymous_0)","decl":{"start":{"line":12,"column":45},"end":{"line":12,"column":46}},"loc":{"start":{"line":12,"column":55},"end":{"line":12,"column":72}},"line":12}},"branchMap":{},"s":{"0":0,"1":0,"2":0,"3":0},"f":{"0":0},"b":{}}
,"/home/manishv/Internship-files/React/blinkist/src/components/atoms/typography/Typographys.tsx": {"path":"/home/manishv/Internship-files/React/blinkist/src/components/atoms/typography/Typographys.tsx","statementMap":{"0":{"start":{"line":10,"column":4},"end":{"line":12,"column":5}}},"fnMap":{"0":{"name":"Typographys","decl":{"start":{"line":9,"column":24},"end":{"line":9,"column":35}},"loc":{"start":{"line":9,"column":79},"end":{"line":13,"column":1}},"line":9}},"branchMap":{},"s":{"0":1567},"f":{"0":1567},"b":{},"_coverageSchema":"1a1c01bbd47fc00a2c39e90264f33305004495a9","hash":"569eb9d9f925d8564226d11ed94ac0818e626280"}
,"/home/manishv/Internship-files/React/blinkist/src/components/molecules/Banner/Banner.stories.tsx": {"path":"/home/manishv/Internship-files/React/blinkist/src/components/molecules/Banner/Banner.stories.tsx","statementMap":{"0":{"start":{"line":9,"column":48},"end":{"line":13,"column":3}},"1":{"start":{"line":10,"column":4},"end":{"line":12,"column":26}},"2":{"start":{"line":15,"column":22},"end":{"line":15,"column":39}}},"fnMap":{"0":{"name":"(anonymous_0)","decl":{"start":{"line":9,"column":48},"end":{"line":9,"column":49}},"loc":{"start":{"line":10,"column":4},"end":{"line":12,"column":26}},"line":10}},"branchMap":{},"s":{"0":0,"1":0,"2":0},"f":{"0":0},"b":{}}
,"/home/manishv/Internship-files/React/blinkist/src/components/molecules/Banner/Banner.tsx": {"path":"/home/manishv/Internship-files/React/blinkist/src/components/molecules/Banner/Banner.tsx","statementMap":{"0":{"start":{"line":6,"column":20},"end":{"line":34,"column":4}},"1":{"start":{"line":35,"column":18},"end":{"line":35,"column":29}},"2":{"start":{"line":36,"column":2},"end":{"line":51,"column":4}}},"fnMap":{"0":{"name":"Banner","decl":{"start":{"line":5,"column":24},"end":{"line":5,"column":30}},"loc":{"start":{"line":5,"column":33},"end":{"line":52,"column":1}},"line":5}},"branchMap":{},"s":{"0":6,"1":6,"2":6},"f":{"0":6},"b":{},"_coverageSchema":"1a1c01bbd47fc00a2c39e90264f33305004495a9","hash":"d18eb9563e7eb21eb2a4352569b872aae182a677"}
,"/home/manishv/Internship-files/React/blinkist/src/components/molecules/Card/Card.stories.tsx": {"path":"/home/manishv/Internship-files/React/blinkist/src/components/molecules/Card/Card.stories.tsx","statementMap":{"0":{"start":{"line":9,"column":51},"end":{"line":15,"column":1}},"1":{"start":{"line":10,"column":2},"end":{"line":14,"column":11}},"2":{"start":{"line":17,"column":23},"end":{"line":17,"column":40}},"3":{"start":{"line":18,"column":0},"end":{"line":23,"column":2}},"4":{"start":{"line":24,"column":23},"end":{"line":24,"column":40}},"5":{"start":{"line":25,"column":0},"end":{"line":30,"column":2}},"6":{"start":{"line":31,"column":24},"end":{"line":31,"column":41}},"7":{"start":{"line":32,"column":0},"end":{"line":37,"column":2}}},"fnMap":{"0":{"name":"(anonymous_0)","decl":{"start":{"line":9,"column":51},"end":{"line":9,"column":52}},"loc":{"start":{"line":10,"column":2},"end":{"line":14,"column":11}},"line":10}},"branchMap":{},"s":{"0":0,"1":0,"2":0,"3":0,"4":0,"5":0,"6":0,"7":0},"f":{"0":0},"b":{}}
,"/home/manishv/Internship-files/React/blinkist/src/components/molecules/Card/Card.tsx": {"path":"/home/manishv/Internship-files/React/blinkist/src/components/molecules/Card/Card.tsx","statementMap":{"0":{"start":{"line":26,"column":18},"end":{"line":122,"column":1}},"1":{"start":{"line":28,"column":20},"end":{"line":49,"column":4}},"2":{"start":{"line":50,"column":18},"end":{"line":50,"column":29}},"3":{"start":{"line":51,"column":2},"end":{"line":121,"column":4}}},"fnMap":{"0":{"name":"(anonymous_0)","decl":{"start":{"line":26,"column":18},"end":{"line":26,"column":19}},"loc":{"start":{"line":26,"column":45},"end":{"line":122,"column":1}},"line":26}},"branchMap":{"0":{"loc":{"start":{"line":73,"column":7},"end":{"line":86,"column":7}},"type":"binary-expr","locations":[{"start":{"line":73,"column":7},"end":{"line":73,"column":31}},{"start":{"line":74,"column":8},"end":{"line":85,"column":22}}],"line":73},"1":{"loc":{"start":{"line":87,"column":7},"end":{"line":107,"column":7}},"type":"binary-expr","locations":[{"start":{"line":87,"column":7},"end":{"line":87,"column":31}},{"start":{"line":88,"column":8},"end":{"line":106,"column":22}}],"line":87},"2":{"loc":{"start":{"line":108,"column":7},"end":{"line":119,"column":7}},"type":"binary-expr","locations":[{"start":{"line":108,"column":7},"end":{"line":108,"column":32}},{"start":{"line":109,"column":8},"end":{"line":118,"column":22}}],"line":108}},"s":{"0":5,"1":63,"2":63,"3":63},"f":{"0":63},"b":{"0":[63,37],"1":[63,19],"2":[63,7]},"_coverageSchema":"1a1c01bbd47fc00a2c39e90264f33305004495a9","hash":"ac3617b2c24546bcc717fc94a9a1b52f497d8feb"}
,"/home/manishv/Internship-files/React/blinkist/src/components/molecules/Footer/Footer.stories.tsx": {"path":"/home/manishv/Internship-files/React/blinkist/src/components/molecules/Footer/Footer.stories.tsx","statementMap":{"0":{"start":{"line":13,"column":48},"end":{"line":19,"column":3}},"1":{"start":{"line":14,"column":4},"end":{"line":18,"column":13}},"2":{"start":{"line":21,"column":22},"end":{"line":21,"column":39}}},"fnMap":{"0":{"name":"(anonymous_0)","decl":{"start":{"line":13,"column":48},"end":{"line":13,"column":49}},"loc":{"start":{"line":14,"column":4},"end":{"line":18,"column":13}},"line":14}},"branchMap":{},"s":{"0":0,"1":0,"2":0},"f":{"0":0},"b":{}}
,"/home/manishv/Internship-files/React/blinkist/src/components/molecules/Footer/Footer.tsx": {"path":"/home/manishv/Internship-files/React/blinkist/src/components/molecules/Footer/Footer.tsx","statementMap":{"0":{"start":{"line":5,"column":15},"end":{"line":94,"column":1}},"1":{"start":{"line":6,"column":20},"end":{"line":35,"column":4}},"2":{"start":{"line":36,"column":18},"end":{"line":36,"column":29}},"3":{"start":{"line":37,"column":2},"end":{"line":93,"column":4}}},"fnMap":{"0":{"name":"(anonymous_0)","decl":{"start":{"line":5,"column":15},"end":{"line":5,"column":16}},"loc":{"start":{"line":5,"column":21},"end":{"line":94,"column":1}},"line":5}},"branchMap":{},"s":{"0":4,"1":11,"2":11,"3":11},"f":{"0":11},"b":{},"_coverageSchema":"1a1c01bbd47fc00a2c39e90264f33305004495a9","hash":"bfe62aa0919d6640634cddcab7354855b76f6026"}
,"/home/manishv/Internship-files/React/blinkist/src/components/organisms/BookDetails/BookDetails.stories.tsx": {"path":"/home/manishv/Internship-files/React/blinkist/src/components/organisms/BookDetails/BookDetails.stories.tsx","statementMap":{"0":{"start":{"line":9,"column":53},"end":{"line":15,"column":1}},"1":{"start":{"line":10,"column":4},"end":{"line":14,"column":13}},"2":{"start":{"line":17,"column":27},"end":{"line":17,"column":44}}},"fnMap":{"0":{"name":"(anonymous_0)","decl":{"start":{"line":9,"column":53},"end":{"line":9,"column":54}},"loc":{"start":{"line":10,"column":4},"end":{"line":14,"column":13}},"line":10}},"branchMap":{},"s":{"0":0,"1":0,"2":0},"f":{"0":0},"b":{}}
,"/home/manishv/Internship-files/React/blinkist/src/components/organisms/BookDetails/BookDetails.tsx": {"path":"/home/manishv/Internship-files/React/blinkist/src/components/organisms/BookDetails/BookDetails.tsx","statementMap":{"0":{"start":{"line":14,"column":19},"end":{"line":14,"column":32}},"1":{"start":{"line":15,"column":20},"end":{"line":47,"column":4}},"2":{"start":{"line":48,"column":18},"end":{"line":48,"column":29}},"3":{"start":{"line":49,"column":28},"end":{"line":49,"column":54}},"4":{"start":{"line":50,"column":22},"end":{"line":61,"column":3}},"5":{"start":{"line":51,"column":15},"end":{"line":51,"column":41}},"6":{"start":{"line":52,"column":16},"end":{"line":52,"column":64}},"7":{"start":{"line":53,"column":17},"end":{"line":53,"column":33}},"8":{"start":{"line":54,"column":4},"end":{"line":54,"column":32}},"9":{"start":{"line":55,"column":4},"end":{"line":59,"column":7}},"10":{"start":{"line":60,"column":4},"end":{"line":60,"column":18}},"11":{"start":{"line":62,"column":23},"end":{"line":64,"column":3}},"12":{"start":{"line":63,"column":4},"end":{"line":63,"column":23}},"13":{"start":{"line":65,"column":2},"end":{"line":248,"column":4}}},"fnMap":{"0":{"name":"BookDetails","decl":{"start":{"line":13,"column":24},"end":{"line":13,"column":35}},"loc":{"start":{"line":13,"column":38},"end":{"line":249,"column":1}},"line":13},"1":{"name":"(anonymous_1)","decl":{"start":{"line":50,"column":22},"end":{"line":50,"column":23}},"loc":{"start":{"line":50,"column":34},"end":{"line":61,"column":3}},"line":50},"2":{"name":"(anonymous_2)","decl":{"start":{"line":62,"column":23},"end":{"line":62,"column":24}},"loc":{"start":{"line":62,"column":74},"end":{"line":64,"column":3}},"line":62}},"branchMap":{},"s":{"0":24,"1":24,"2":24,"3":24,"4":24,"5":1,"6":1,"7":0,"8":0,"9":0,"10":0,"11":24,"12":4,"13":24},"f":{"0":24,"1":1,"2":4},"b":{},"_coverageSchema":"1a1c01bbd47fc00a2c39e90264f33305004495a9","hash":"2ec7087f715923ac3065e6ecd33138171a15bfc5"}
,"/home/manishv/Internship-files/React/blinkist/src/components/organisms/Enterpreneurship/Enterpreneurship.stories.tsx": {"path":"/home/manishv/Internship-files/React/blinkist/src/components/organisms/Enterpreneurship/Enterpreneurship.stories.tsx","statementMap":{"0":{"start":{"line":9,"column":58},"end":{"line":15,"column":1}},"1":{"start":{"line":10,"column":4},"end":{"line":14,"column":13}},"2":{"start":{"line":17,"column":31},"end":{"line":17,"column":48}}},"fnMap":{"0":{"name":"(anonymous_0)","decl":{"start":{"line":9,"column":58},"end":{"line":9,"column":59}},"loc":{"start":{"line":10,"column":4},"end":{"line":14,"column":13}},"line":10}},"branchMap":{},"s":{"0":0,"1":0,"2":0},"f":{"0":0},"b":{}}
,"/home/manishv/Internship-files/React/blinkist/src/components/organisms/Enterpreneurship/Enterpreneurship.tsx": {"path":"/home/manishv/Internship-files/React/blinkist/src/components/organisms/Enterpreneurship/Enterpreneurship.tsx","statementMap":{"0":{"start":{"line":21,"column":25},"end":{"line":124,"column":1}},"1":{"start":{"line":22,"column":19},"end":{"line":22,"column":32}},"2":{"start":{"line":23,"column":20},"end":{"line":31,"column":4}},"3":{"start":{"line":32,"column":18},"end":{"line":32,"column":29}},"4":{"start":{"line":33,"column":28},"end":{"line":33,"column":40}},"5":{"start":{"line":34,"column":20},"end":{"line":34,"column":51}},"6":{"start":{"line":35,"column":26},"end":{"line":35,"column":46}},"7":{"start":{"line":36,"column":2},"end":{"line":48,"column":14}},"8":{"start":{"line":37,"column":22},"end":{"line":46,"column":5}},"9":{"start":{"line":38,"column":18},"end":{"line":38,"column":62}},"10":{"start":{"line":40,"column":6},"end":{"line":42,"column":5}},"11":{"start":{"line":41,"column":8},"end":{"line":41,"column":29}},"12":{"start":{"line":43,"column":19},"end":{"line":43,"column":39}},"13":{"start":{"line":45,"column":6},"end":{"line":45,"column":29}},"14":{"start":{"line":47,"column":4},"end":{"line":47,"column":16}},"15":{"start":{"line":49,"column":23},"end":{"line":51,"column":3}},"16":{"start":{"line":50,"column":4},"end":{"line":50,"column":29}},"17":{"start":{"line":54,"column":16},"end":{"line":78,"column":3}},"18":{"start":{"line":56,"column":29},"end":{"line":56,"column":78}},"19":{"start":{"line":56,"column":51},"end":{"line":56,"column":77}},"20":{"start":{"line":57,"column":4},"end":{"line":77,"column":5}},"21":{"start":{"line":58,"column":6},"end":{"line":58,"column":34}},"22":{"start":{"line":60,"column":8},"end":{"line":75,"column":11}},"23":{"start":{"line":61,"column":10},"end":{"line":74,"column":12}},"24":{"start":{"line":70,"column":16},"end":{"line":70,"column":68}},"25":{"start":{"line":71,"column":16},"end":{"line":71,"column":34}},"26":{"start":{"line":79,"column":2},"end":{"line":123,"column":4}}},"fnMap":{"0":{"name":"(anonymous_0)","decl":{"start":{"line":21,"column":25},"end":{"line":21,"column":26}},"loc":{"start":{"line":21,"column":31},"end":{"line":124,"column":1}},"line":21},"1":{"name":"(anonymous_1)","decl":{"start":{"line":36,"column":12},"end":{"line":36,"column":13}},"loc":{"start":{"line":36,"column":18},"end":{"line":48,"column":3}},"line":36},"2":{"name":"(anonymous_2)","decl":{"start":{"line":37,"column":22},"end":{"line":37,"column":23}},"loc":{"start":{"line":37,"column":34},"end":{"line":46,"column":5}},"line":37},"3":{"name":"(anonymous_3)","decl":{"start":{"line":49,"column":23},"end":{"line":49,"column":24}},"loc":{"start":{"line":49,"column":67},"end":{"line":51,"column":3}},"line":49},"4":{"name":"(anonymous_4)","decl":{"start":{"line":54,"column":16},"end":{"line":54,"column":17}},"loc":{"start":{"line":54,"column":37},"end":{"line":78,"column":3}},"line":54},"5":{"name":"(anonymous_5)","decl":{"start":{"line":56,"column":41},"end":{"line":56,"column":42}},"loc":{"start":{"line":56,"column":51},"end":{"line":56,"column":77}},"line":56},"6":{"name":"(anonymous_6)","decl":{"start":{"line":60,"column":38},"end":{"line":60,"column":39}},"loc":{"start":{"line":60,"column":58},"end":{"line":75,"column":9}},"line":60},"7":{"name":"(anonymous_7)","decl":{"start":{"line":69,"column":23},"end":{"line":69,"column":24}},"loc":{"start":{"line":69,"column":27},"end":{"line":72,"column":15}},"line":69}},"branchMap":{"0":{"loc":{"start":{"line":40,"column":6},"end":{"line":42,"column":5}},"type":"if","locations":[{"start":{"line":40,"column":6},"end":{"line":42,"column":5}},{"start":{},"end":{}}],"line":40},"1":{"loc":{"start":{"line":57,"column":4},"end":{"line":77,"column":5}},"type":"if","locations":[{"start":{"line":57,"column":4},"end":{"line":77,"column":5}},{"start":{"line":59,"column":11},"end":{"line":77,"column":5}}],"line":57},"2":{"loc":{"start":{"line":97,"column":9},"end":{"line":97,"column":135}},"type":"binary-expr","locations":[{"start":{"line":97,"column":9},"end":{"line":97,"column":15}},{"start":{"line":97,"column":19},"end":{"line":97,"column":135}}],"line":97},"3":{"loc":{"start":{"line":105,"column":9},"end":{"line":105,"column":115}},"type":"binary-expr","locations":[{"start":{"line":105,"column":9},"end":{"line":105,"column":15}},{"start":{"line":105,"column":19},"end":{"line":105,"column":115}}],"line":105},"4":{"loc":{"start":{"line":113,"column":9},"end":{"line":113,"column":126}},"type":"binary-expr","locations":[{"start":{"line":113,"column":9},"end":{"line":113,"column":15}},{"start":{"line":113,"column":19},"end":{"line":113,"column":126}}],"line":113}},"s":{"0":2,"1":31,"2":31,"3":31,"4":31,"5":31,"6":31,"7":31,"8":15,"9":15,"10":15,"11":1,"12":15,"13":15,"14":15,"15":31,"16":1,"17":31,"18":93,"19":135,"20":93,"21":0,"22":93,"23":39,"24":1,"25":1,"26":31},"f":{"0":31,"1":15,"2":15,"3":1,"4":93,"5":135,"6":39,"7":1},"b":{"0":[1,14],"1":[0,93],"2":[31,28],"3":[31,28],"4":[31,28]},"_coverageSchema":"1a1c01bbd47fc00a2c39e90264f33305004495a9","hash":"f502d1d80a948af3893d86b6323818e78856104d"}
,"/home/manishv/Internship-files/React/blinkist/src/components/organisms/Explore/Explore.stories.tsx": {"path":"/home/manishv/Internship-files/React/blinkist/src/components/organisms/Explore/Explore.stories.tsx","statementMap":{"0":{"start":{"line":13,"column":49},"end":{"line":19,"column":3}},"1":{"start":{"line":14,"column":4},"end":{"line":18,"column":13}},"2":{"start":{"line":21,"column":23},"end":{"line":21,"column":40}}},"fnMap":{"0":{"name":"(anonymous_0)","decl":{"start":{"line":13,"column":49},"end":{"line":13,"column":50}},"loc":{"start":{"line":14,"column":4},"end":{"line":18,"column":13}},"line":14}},"branchMap":{},"s":{"0":0,"1":0,"2":0},"f":{"0":0},"b":{}}
,"/home/manishv/Internship-files/React/blinkist/src/components/organisms/Explore/Explore.tsx": {"path":"/home/manishv/Internship-files/React/blinkist/src/components/organisms/Explore/Explore.tsx","statementMap":{"0":{"start":{"line":30,"column":19},"end":{"line":60,"column":2}},"1":{"start":{"line":35,"column":2},"end":{"line":59,"column":4}},"2":{"start":{"line":62,"column":16},"end":{"line":365,"column":1}},"3":{"start":{"line":63,"column":30},"end":{"line":63,"column":45}},"4":{"start":{"line":64,"column":34},"end":{"line":64,"column":48}},"5":{"start":{"line":65,"column":19},"end":{"line":65,"column":32}},"6":{"start":{"line":67,"column":17},"end":{"line":73,"column":3}},"7":{"start":{"line":68,"column":4},"end":{"line":72,"column":5}},"8":{"start":{"line":69,"column":6},"end":{"line":69,"column":22}},"9":{"start":{"line":71,"column":6},"end":{"line":71,"column":23}},"10":{"start":{"line":74,"column":22},"end":{"line":77,"column":3}},"11":{"start":{"line":75,"column":4},"end":{"line":75,"column":37}},"12":{"start":{"line":76,"column":4},"end":{"line":76,"column":13}},"13":{"start":{"line":79,"column":22},"end":{"line":82,"column":3}},"14":{"start":{"line":80,"column":4},"end":{"line":80,"column":22}},"15":{"start":{"line":81,"column":4},"end":{"line":81,"column":13}},"16":{"start":{"line":83,"column":2},"end":{"line":364,"column":4}},"17":{"start":{"line":124,"column":18},"end":{"line":124,"column":64}},"18":{"start":{"line":125,"column":18},"end":{"line":125,"column":48}},"19":{"start":{"line":136,"column":18},"end":{"line":136,"column":64}},"20":{"start":{"line":137,"column":18},"end":{"line":137,"column":48}},"21":{"start":{"line":148,"column":18},"end":{"line":148,"column":64}},"22":{"start":{"line":149,"column":18},"end":{"line":149,"column":48}},"23":{"start":{"line":160,"column":18},"end":{"line":160,"column":64}},"24":{"start":{"line":161,"column":18},"end":{"line":161,"column":48}},"25":{"start":{"line":172,"column":18},"end":{"line":172,"column":64}},"26":{"start":{"line":173,"column":18},"end":{"line":173,"column":48}},"27":{"start":{"line":184,"column":18},"end":{"line":184,"column":64}},"28":{"start":{"line":185,"column":18},"end":{"line":185,"column":48}},"29":{"start":{"line":199,"column":18},"end":{"line":199,"column":64}},"30":{"start":{"line":200,"column":18},"end":{"line":200,"column":48}},"31":{"start":{"line":211,"column":18},"end":{"line":211,"column":64}},"32":{"start":{"line":212,"column":18},"end":{"line":212,"column":48}},"33":{"start":{"line":223,"column":18},"end":{"line":223,"column":64}},"34":{"start":{"line":224,"column":18},"end":{"line":224,"column":48}},"35":{"start":{"line":236,"column":18},"end":{"line":236,"column":64}},"36":{"start":{"line":237,"column":18},"end":{"line":237,"column":48}},"37":{"start":{"line":251,"column":18},"end":{"line":251,"column":64}},"38":{"start":{"line":252,"column":18},"end":{"line":252,"column":48}},"39":{"start":{"line":263,"column":18},"end":{"line":263,"column":64}},"40":{"start":{"line":264,"column":18},"end":{"line":264,"column":48}},"41":{"start":{"line":277,"column":18},"end":{"line":277,"column":64}},"42":{"start":{"line":278,"column":18},"end":{"line":278,"column":48}},"43":{"start":{"line":290,"column":18},"end":{"line":290,"column":64}},"44":{"start":{"line":291,"column":18},"end":{"line":291,"column":48}},"45":{"start":{"line":306,"column":18},"end":{"line":306,"column":64}},"46":{"start":{"line":307,"column":18},"end":{"line":307,"column":48}},"47":{"start":{"line":318,"column":18},"end":{"line":318,"column":64}},"48":{"start":{"line":319,"column":18},"end":{"line":319,"column":48}},"49":{"start":{"line":330,"column":18},"end":{"line":330,"column":64}},"50":{"start":{"line":331,"column":18},"end":{"line":331,"column":48}},"51":{"start":{"line":342,"column":18},"end":{"line":342,"column":64}},"52":{"start":{"line":343,"column":18},"end":{"line":343,"column":48}},"53":{"start":{"line":357,"column":29},"end":{"line":357,"column":52}}},"fnMap":{"0":{"name":"(anonymous_0)","decl":{"start":{"line":34,"column":3},"end":{"line":34,"column":4}},"loc":{"start":{"line":35,"column":2},"end":{"line":59,"column":4}},"line":35},"1":{"name":"(anonymous_1)","decl":{"start":{"line":62,"column":16},"end":{"line":62,"column":17}},"loc":{"start":{"line":62,"column":32},"end":{"line":365,"column":1}},"line":62},"2":{"name":"(anonymous_2)","decl":{"start":{"line":67,"column":17},"end":{"line":67,"column":18}},"loc":{"start":{"line":67,"column":23},"end":{"line":73,"column":3}},"line":67},"3":{"name":"(anonymous_3)","decl":{"start":{"line":74,"column":22},"end":{"line":74,"column":23}},"loc":{"start":{"line":74,"column":38},"end":{"line":77,"column":3}},"line":74},"4":{"name":"(anonymous_4)","decl":{"start":{"line":79,"column":22},"end":{"line":79,"column":23}},"loc":{"start":{"line":79,"column":28},"end":{"line":82,"column":3}},"line":79},"5":{"name":"(anonymous_5)","decl":{"start":{"line":123,"column":25},"end":{"line":123,"column":26}},"loc":{"start":{"line":123,"column":31},"end":{"line":126,"column":17}},"line":123},"6":{"name":"(anonymous_6)","decl":{"start":{"line":135,"column":25},"end":{"line":135,"column":26}},"loc":{"start":{"line":135,"column":31},"end":{"line":138,"column":17}},"line":135},"7":{"name":"(anonymous_7)","decl":{"start":{"line":147,"column":25},"end":{"line":147,"column":26}},"loc":{"start":{"line":147,"column":31},"end":{"line":150,"column":17}},"line":147},"8":{"name":"(anonymous_8)","decl":{"start":{"line":159,"column":25},"end":{"line":159,"column":26}},"loc":{"start":{"line":159,"column":31},"end":{"line":162,"column":17}},"line":159},"9":{"name":"(anonymous_9)","decl":{"start":{"line":171,"column":25},"end":{"line":171,"column":26}},"loc":{"start":{"line":171,"column":31},"end":{"line":174,"column":17}},"line":171},"10":{"name":"(anonymous_10)","decl":{"start":{"line":183,"column":25},"end":{"line":183,"column":26}},"loc":{"start":{"line":183,"column":31},"end":{"line":186,"column":17}},"line":183},"11":{"name":"(anonymous_11)","decl":{"start":{"line":198,"column":25},"end":{"line":198,"column":26}},"loc":{"start":{"line":198,"column":31},"end":{"line":201,"column":17}},"line":198},"12":{"name":"(anonymous_12)","decl":{"start":{"line":210,"column":25},"end":{"line":210,"column":26}},"loc":{"start":{"line":210,"column":31},"end":{"line":213,"column":17}},"line":210},"13":{"name":"(anonymous_13)","decl":{"start":{"line":222,"column":25},"end":{"line":222,"column":26}},"loc":{"start":{"line":222,"column":31},"end":{"line":225,"column":17}},"line":222},"14":{"name":"(anonymous_14)","decl":{"start":{"line":235,"column":25},"end":{"line":235,"column":26}},"loc":{"start":{"line":235,"column":31},"end":{"line":238,"column":17}},"line":235},"15":{"name":"(anonymous_15)","decl":{"start":{"line":250,"column":25},"end":{"line":250,"column":26}},"loc":{"start":{"line":250,"column":31},"end":{"line":253,"column":17}},"line":250},"16":{"name":"(anonymous_16)","decl":{"start":{"line":262,"column":25},"end":{"line":262,"column":26}},"loc":{"start":{"line":262,"column":31},"end":{"line":265,"column":17}},"line":262},"17":{"name":"(anonymous_17)","decl":{"start":{"line":276,"column":25},"end":{"line":276,"column":26}},"loc":{"start":{"line":276,"column":31},"end":{"line":279,"column":17}},"line":276},"18":{"name":"(anonymous_18)","decl":{"start":{"line":289,"column":25},"end":{"line":289,"column":26}},"loc":{"start":{"line":289,"column":31},"end":{"line":292,"column":17}},"line":289},"19":{"name":"(anonymous_19)","decl":{"start":{"line":305,"column":25},"end":{"line":305,"column":26}},"loc":{"start":{"line":305,"column":31},"end":{"line":308,"column":17}},"line":305},"20":{"name":"(anonymous_20)","decl":{"start":{"line":317,"column":25},"end":{"line":317,"column":26}},"loc":{"start":{"line":317,"column":31},"end":{"line":320,"column":17}},"line":317},"21":{"name":"(anonymous_21)","decl":{"start":{"line":329,"column":25},"end":{"line":329,"column":26}},"loc":{"start":{"line":329,"column":31},"end":{"line":332,"column":17}},"line":329},"22":{"name":"(anonymous_22)","decl":{"start":{"line":341,"column":25},"end":{"line":341,"column":26}},"loc":{"start":{"line":341,"column":31},"end":{"line":344,"column":17}},"line":341},"23":{"name":"(anonymous_23)","decl":{"start":{"line":357,"column":18},"end":{"line":357,"column":19}},"loc":{"start":{"line":357,"column":29},"end":{"line":357,"column":52}},"line":357}},"branchMap":{"0":{"loc":{"start":{"line":68,"column":4},"end":{"line":72,"column":5}},"type":"if","locations":[{"start":{"line":68,"column":4},"end":{"line":72,"column":5}},{"start":{"line":70,"column":11},"end":{"line":72,"column":5}}],"line":68},"1":{"loc":{"start":{"line":103,"column":10},"end":{"line":104,"column":65}},"type":"binary-expr","locations":[{"start":{"line":103,"column":11},"end":{"line":103,"column":18}},{"start":{"line":103,"column":22},"end":{"line":103,"column":65}},{"start":{"line":104,"column":11},"end":{"line":104,"column":17}},{"start":{"line":104,"column":21},"end":{"line":104,"column":64}}],"line":103}},"s":{"0":5,"1":50,"2":5,"3":50,"4":50,"5":50,"6":50,"7":6,"8":6,"9":0,"10":50,"11":5,"12":5,"13":50,"14":1,"15":1,"16":50,"17":2,"18":2,"19":1,"20":1,"21":1,"22":1,"23":1,"24":1,"25":1,"26":1,"27":1,"28":1,"29":1,"30":1,"31":1,"32":1,"33":1,"34":1,"35":1,"36":1,"37":1,"38":1,"39":1,"40":1,"41":1,"42":1,"43":1,"44":1,"45":1,"46":1,"47":1,"48":1,"49":1,"50":1,"51":1,"52":1,"53":56},"f":{"0":50,"1":50,"2":6,"3":5,"4":1,"5":2,"6":1,"7":1,"8":1,"9":1,"10":1,"11":1,"12":1,"13":1,"14":1,"15":1,"16":1,"17":1,"18":1,"19":1,"20":1,"21":1,"22":1,"23":56},"b":{"0":[6,0],"1":[50,25,25,25]},"_coverageSchema":"1a1c01bbd47fc00a2c39e90264f33305004495a9","hash":"1114a3d8da182d986ffab18ea0306853809f8411"}
,"/home/manishv/Internship-files/React/blinkist/src/components/organisms/Header/Header.stories.tsx": {"path":"/home/manishv/Internship-files/React/blinkist/src/components/organisms/Header/Header.stories.tsx","statementMap":{"0":{"start":{"line":13,"column":48},"end":{"line":19,"column":3}},"1":{"start":{"line":14,"column":4},"end":{"line":18,"column":13}},"2":{"start":{"line":21,"column":22},"end":{"line":21,"column":39}}},"fnMap":{"0":{"name":"(anonymous_0)","decl":{"start":{"line":13,"column":48},"end":{"line":13,"column":49}},"loc":{"start":{"line":14,"column":4},"end":{"line":18,"column":13}},"line":14}},"branchMap":{},"s":{"0":0,"1":0,"2":0},"f":{"0":0},"b":{}}
,"/home/manishv/Internship-files/React/blinkist/src/components/organisms/Header/Header.tsx": {"path":"/home/manishv/Internship-files/React/blinkist/src/components/organisms/Header/Header.tsx","statementMap":{"0":{"start":{"line":29,"column":15},"end":{"line":220,"column":1}},"1":{"start":{"line":30,"column":63},"end":{"line":30,"column":73}},"2":{"start":{"line":31,"column":19},"end":{"line":31,"column":32}},"3":{"start":{"line":33,"column":4},"end":{"line":33,"column":44}},"4":{"start":{"line":35,"column":4},"end":{"line":35,"column":44}},"5":{"start":{"line":37,"column":28},"end":{"line":39,"column":3}},"6":{"start":{"line":38,"column":4},"end":{"line":38,"column":40}},"7":{"start":{"line":40,"column":29},"end":{"line":42,"column":3}},"8":{"start":{"line":41,"column":4},"end":{"line":41,"column":41}},"9":{"start":{"line":44,"column":29},"end":{"line":46,"column":3}},"10":{"start":{"line":45,"column":4},"end":{"line":45,"column":25}},"11":{"start":{"line":47,"column":30},"end":{"line":49,"column":3}},"12":{"start":{"line":48,"column":4},"end":{"line":48,"column":26}},"13":{"start":{"line":51,"column":23},"end":{"line":66,"column":3}},"14":{"start":{"line":52,"column":21},"end":{"line":52,"column":83}},"15":{"start":{"line":53,"column":19},"end":{"line":53,"column":38}},"16":{"start":{"line":54,"column":4},"end":{"line":64,"column":7}},"17":{"start":{"line":56,"column":6},"end":{"line":63,"column":8}},"18":{"start":{"line":65,"column":4},"end":{"line":65,"column":49}},"19":{"start":{"line":67,"column":2},"end":{"line":219,"column":4}},"20":{"start":{"line":129,"column":29},"end":{"line":129,"column":42}},"21":{"start":{"line":184,"column":22},"end":{"line":184,"column":42}},"22":{"start":{"line":205,"column":22},"end":{"line":205,"column":40}},"23":{"start":{"line":206,"column":22},"end":{"line":206,"column":37}}},"fnMap":{"0":{"name":"(anonymous_0)","decl":{"start":{"line":29,"column":15},"end":{"line":29,"column":16}},"loc":{"start":{"line":29,"column":21},"end":{"line":220,"column":1}},"line":29},"1":{"name":"(anonymous_1)","decl":{"start":{"line":37,"column":28},"end":{"line":37,"column":29}},"loc":{"start":{"line":37,"column":70},"end":{"line":39,"column":3}},"line":37},"2":{"name":"(anonymous_2)","decl":{"start":{"line":40,"column":29},"end":{"line":40,"column":30}},"loc":{"start":{"line":40,"column":71},"end":{"line":42,"column":3}},"line":40},"3":{"name":"(anonymous_3)","decl":{"start":{"line":44,"column":29},"end":{"line":44,"column":30}},"loc":{"start":{"line":44,"column":35},"end":{"line":46,"column":3}},"line":44},"4":{"name":"(anonymous_4)","decl":{"start":{"line":47,"column":30},"end":{"line":47,"column":31}},"loc":{"start":{"line":47,"column":36},"end":{"line":49,"column":3}},"line":47},"5":{"name":"(anonymous_5)","decl":{"start":{"line":51,"column":23},"end":{"line":51,"column":24}},"loc":{"start":{"line":51,"column":32},"end":{"line":66,"column":3}},"line":51},"6":{"name":"(anonymous_6)","decl":{"start":{"line":54,"column":17},"end":{"line":54,"column":18}},"loc":{"start":{"line":54,"column":37},"end":{"line":64,"column":5}},"line":54},"7":{"name":"(anonymous_7)","decl":{"start":{"line":129,"column":23},"end":{"line":129,"column":24}},"loc":{"start":{"line":129,"column":29},"end":{"line":129,"column":42}},"line":129},"8":{"name":"(anonymous_8)","decl":{"start":{"line":183,"column":29},"end":{"line":183,"column":30}},"loc":{"start":{"line":183,"column":35},"end":{"line":185,"column":21}},"line":183},"9":{"name":"(anonymous_9)","decl":{"start":{"line":204,"column":29},"end":{"line":204,"column":30}},"loc":{"start":{"line":204,"column":35},"end":{"line":207,"column":21}},"line":204}},"branchMap":{"0":{"loc":{"start":{"line":151,"column":17},"end":{"line":151,"column":62}},"type":"binary-expr","locations":[{"start":{"line":151,"column":17},"end":{"line":151,"column":33}},{"start":{"line":151,"column":37},"end":{"line":151,"column":62}}],"line":151},"1":{"loc":{"start":{"line":152,"column":17},"end":{"line":152,"column":75}},"type":"binary-expr","locations":[{"start":{"line":152,"column":17},"end":{"line":152,"column":32}},{"start":{"line":152,"column":36},"end":{"line":152,"column":75}}],"line":152},"2":{"loc":{"start":{"line":172,"column":15},"end":{"line":190,"column":15}},"type":"binary-expr","locations":[{"start":{"line":172,"column":15},"end":{"line":172,"column":31}},{"start":{"line":173,"column":16},"end":{"line":189,"column":27}}],"line":172},"3":{"loc":{"start":{"line":191,"column":15},"end":{"line":213,"column":15}},"type":"binary-expr","locations":[{"start":{"line":191,"column":15},"end":{"line":191,"column":30}},{"start":{"line":191,"column":35},"end":{"line":212,"column":22}}],"line":191}},"s":{"0":4,"1":16,"2":16,"3":16,"4":16,"5":16,"6":0,"7":16,"8":1,"9":16,"10":0,"11":16,"12":0,"13":16,"14":0,"15":0,"16":0,"17":0,"18":0,"19":16,"20":1,"21":0,"22":0,"23":0},"f":{"0":16,"1":0,"2":1,"3":0,"4":0,"5":0,"6":0,"7":1,"8":0,"9":0},"b":{"0":[16,16],"1":[16,0],"2":[16,16],"3":[16,0]},"_coverageSchema":"1a1c01bbd47fc00a2c39e90264f33305004495a9","hash":"38b5a61a3ec5972e9d3ec7a0fec61b282b11f9e4"}
,"/home/manishv/Internship-files/React/blinkist/src/components/organisms/MyLibrary/MyLibrary.stories.tsx": {"path":"/home/manishv/Internship-files/React/blinkist/src/components/organisms/MyLibrary/MyLibrary.stories.tsx","statementMap":{"0":{"start":{"line":9,"column":49},"end":{"line":15,"column":1}},"1":{"start":{"line":10,"column":4},"end":{"line":14,"column":13}},"2":{"start":{"line":17,"column":21},"end":{"line":17,"column":38}}},"fnMap":{"0":{"name":"(anonymous_0)","decl":{"start":{"line":9,"column":49},"end":{"line":9,"column":50}},"loc":{"start":{"line":10,"column":4},"end":{"line":14,"column":13}},"line":10}},"branchMap":{},"s":{"0":0,"1":0,"2":0},"f":{"0":0},"b":{}}
,"/home/manishv/Internship-files/React/blinkist/src/components/organisms/MyLibrary/MyLibrary.tsx": {"path":"/home/manishv/Internship-files/React/blinkist/src/components/organisms/MyLibrary/MyLibrary.tsx","statementMap":{"0":{"start":{"line":19,"column":18},"end":{"line":87,"column":1}},"1":{"start":{"line":20,"column":20},"end":{"line":25,"column":4}},"2":{"start":{"line":26,"column":18},"end":{"line":26,"column":29}},"3":{"start":{"line":27,"column":19},"end":{"line":27,"column":32}},"4":{"start":{"line":28,"column":26},"end":{"line":28,"column":46}},"5":{"start":{"line":29,"column":36},"end":{"line":29,"column":55}},"6":{"start":{"line":30,"column":2},"end":{"line":36,"column":9}},"7":{"start":{"line":31,"column":22},"end":{"line":34,"column":5}},"8":{"start":{"line":32,"column":21},"end":{"line":32,"column":67}},"9":{"start":{"line":33,"column":6},"end":{"line":33,"column":29}},"10":{"start":{"line":35,"column":4},"end":{"line":35,"column":16}},"11":{"start":{"line":37,"column":22},"end":{"line":39,"column":3}},"12":{"start":{"line":38,"column":4},"end":{"line":38,"column":24}},"13":{"start":{"line":41,"column":4},"end":{"line":51,"column":6}},"14":{"start":{"line":49,"column":22},"end":{"line":49,"column":40}},"15":{"start":{"line":54,"column":16},"end":{"line":71,"column":3}},"16":{"start":{"line":55,"column":27},"end":{"line":55,"column":75}},"17":{"start":{"line":55,"column":49},"end":{"line":55,"column":74}},"18":{"start":{"line":57,"column":26},"end":{"line":57,"column":75}},"19":{"start":{"line":57,"column":48},"end":{"line":57,"column":74}},"20":{"start":{"line":58,"column":4},"end":{"line":70,"column":5}},"21":{"start":{"line":59,"column":6},"end":{"line":59,"column":34}},"22":{"start":{"line":61,"column":6},"end":{"line":69,"column":7}},"23":{"start":{"line":62,"column":8},"end":{"line":64,"column":11}},"24":{"start":{"line":63,"column":10},"end":{"line":63,"column":38}},"25":{"start":{"line":66,"column":8},"end":{"line":68,"column":11}},"26":{"start":{"line":67,"column":10},"end":{"line":67,"column":38}},"27":{"start":{"line":72,"column":2},"end":{"line":86,"column":4}}},"fnMap":{"0":{"name":"(anonymous_0)","decl":{"start":{"line":19,"column":18},"end":{"line":19,"column":19}},"loc":{"start":{"line":19,"column":24},"end":{"line":87,"column":1}},"line":19},"1":{"name":"(anonymous_1)","decl":{"start":{"line":30,"column":12},"end":{"line":30,"column":13}},"loc":{"start":{"line":30,"column":18},"end":{"line":36,"column":3}},"line":30},"2":{"name":"(anonymous_2)","decl":{"start":{"line":31,"column":22},"end":{"line":31,"column":23}},"loc":{"start":{"line":31,"column":34},"end":{"line":34,"column":5}},"line":31},"3":{"name":"(anonymous_3)","decl":{"start":{"line":37,"column":22},"end":{"line":37,"column":23}},"loc":{"start":{"line":37,"column":41},"end":{"line":39,"column":3}},"line":37},"4":{"name":"renderCard","decl":{"start":{"line":40,"column":11},"end":{"line":40,"column":21}},"loc":{"start":{"line":40,"column":36},"end":{"line":52,"column":3}},"line":40},"5":{"name":"(anonymous_5)","decl":{"start":{"line":49,"column":17},"end":{"line":49,"column":18}},"loc":{"start":{"line":49,"column":21},"end":{"line":49,"column":41}},"line":49},"6":{"name":"(anonymous_6)","decl":{"start":{"line":54,"column":16},"end":{"line":54,"column":17}},"loc":{"start":{"line":54,"column":22},"end":{"line":71,"column":3}},"line":54},"7":{"name":"(anonymous_7)","decl":{"start":{"line":55,"column":39},"end":{"line":55,"column":40}},"loc":{"start":{"line":55,"column":49},"end":{"line":55,"column":74}},"line":55},"8":{"name":"(anonymous_8)","decl":{"start":{"line":57,"column":38},"end":{"line":57,"column":39}},"loc":{"start":{"line":57,"column":48},"end":{"line":57,"column":74}},"line":57},"9":{"name":"(anonymous_9)","decl":{"start":{"line":62,"column":36},"end":{"line":62,"column":37}},"loc":{"start":{"line":62,"column":56},"end":{"line":64,"column":9}},"line":62},"10":{"name":"(anonymous_10)","decl":{"start":{"line":66,"column":35},"end":{"line":66,"column":36}},"loc":{"start":{"line":66,"column":55},"end":{"line":68,"column":9}},"line":66}},"branchMap":{"0":{"loc":{"start":{"line":58,"column":4},"end":{"line":70,"column":5}},"type":"if","locations":[{"start":{"line":58,"column":4},"end":{"line":70,"column":5}},{"start":{"line":60,"column":11},"end":{"line":70,"column":5}}],"line":58},"1":{"loc":{"start":{"line":61,"column":6},"end":{"line":69,"column":7}},"type":"if","locations":[{"start":{"line":61,"column":6},"end":{"line":69,"column":7}},{"start":{"line":65,"column":13},"end":{"line":69,"column":7}}],"line":61}},"s":{"0":2,"1":23,"2":23,"3":23,"4":23,"5":23,"6":23,"7":10,"8":10,"9":10,"10":10,"11":23,"12":2,"13":24,"14":1,"15":23,"16":23,"17":55,"18":23,"19":55,"20":23,"21":0,"22":23,"23":19,"24":18,"25":4,"26":6,"27":23},"f":{"0":23,"1":10,"2":10,"3":2,"4":24,"5":1,"6":23,"7":55,"8":55,"9":18,"10":6},"b":{"0":[0,23],"1":[19,4]},"_coverageSchema":"1a1c01bbd47fc00a2c39e90264f33305004495a9","hash":"ed2823e2d96d7b9aa4f8fbb6737f76215910a189"}
,"/home/manishv/Internship-files/React/blinkist/src/components/organisms/Tab/CustomTabs.tsx": {"path":"/home/manishv/Internship-files/React/blinkist/src/components/organisms/Tab/CustomTabs.tsx","statementMap":{"0":{"start":{"line":9,"column":28},"end":{"line":9,"column":53}},"1":{"start":{"line":11,"column":23},"end":{"line":14,"column":3}},"2":{"start":{"line":12,"column":4},"end":{"line":12,"column":23}},"3":{"start":{"line":13,"column":4},"end":{"line":13,"column":55}},"4":{"start":{"line":16,"column":2},"end":{"line":30,"column":4}}},"fnMap":{"0":{"name":"CustomTabs","decl":{"start":{"line":8,"column":24},"end":{"line":8,"column":34}},"loc":{"start":{"line":8,"column":47},"end":{"line":31,"column":1}},"line":8},"1":{"name":"(anonymous_1)","decl":{"start":{"line":11,"column":23},"end":{"line":11,"column":24}},"loc":{"start":{"line":11,"column":74},"end":{"line":14,"column":3}},"line":11}},"branchMap":{"0":{"loc":{"start":{"line":13,"column":4},"end":{"line":13,"column":54}},"type":"binary-expr","locations":[{"start":{"line":13,"column":4},"end":{"line":13,"column":22}},{"start":{"line":13,"column":26},"end":{"line":13,"column":54}}],"line":13}},"s":{"0":31,"1":31,"2":4,"3":4,"4":31},"f":{"0":31,"1":4},"b":{"0":[4,2]},"_coverageSchema":"1a1c01bbd47fc00a2c39e90264f33305004495a9","hash":"a80537d2ed273991d69d2e617ea62ce8879c009c"}
,"/home/manishv/Internship-files/React/blinkist/src/components/organisms/Tab/Tab.stories.tsx": {"path":"/home/manishv/Internship-files/React/blinkist/src/components/organisms/Tab/Tab.stories.tsx","statementMap":{"0":{"start":{"line":12,"column":46},"end":{"line":16,"column":3}},"1":{"start":{"line":13,"column":4},"end":{"line":15,"column":26}},"2":{"start":{"line":18,"column":20},"end":{"line":18,"column":37}},"3":{"start":{"line":20,"column":0},"end":{"line":22,"column":1}}},"fnMap":{"0":{"name":"(anonymous_0)","decl":{"start":{"line":12,"column":46},"end":{"line":12,"column":47}},"loc":{"start":{"line":13,"column":4},"end":{"line":15,"column":26}},"line":13}},"branchMap":{},"s":{"0":0,"1":0,"2":0,"3":0},"f":{"0":0},"b":{}}
}
