TN:
SF:src/App.tsx
FN:8,App
FNF:1
FNH:0
FNDA:0,App
DA:9,0
LF:1
LH:0
BRF:0
BRH:0
end_of_record
TN:
SF:src/CustomThemeProvider.tsx
FN:8,CustomThemeProvider
FNF:1
FNH:0
FNDA:0,CustomThemeProvider
DA:9,0
LF:1
LH:0
BRF:0
BRH:0
end_of_record
TN:
SF:src/Theme.ts
FNF:0
FNH:0
DA:3,0
LF:1
LH:0
BRF:0
BRH:0
end_of_record
TN:
SF:src/index.tsx
FNF:0
FNH:0
DA:8,0
DA:9,0
DA:11,0
DA:26,0
LF:4
LH:0
BRF:0
BRH:0
end_of_record
TN:
SF:src/reportWebVitals.ts
FN:3,(anonymous_0)
FN:5,(anonymous_1)
FNF:2
FNH:0
FNDA:0,(anonymous_0)
FNDA:0,(anonymous_1)
DA:3,0
DA:4,0
DA:5,0
DA:6,0
DA:7,0
DA:8,0
DA:9,0
DA:10,0
LF:8
LH:0
BRDA:4,0,0,0
BRDA:4,0,1,0
BRDA:4,1,0,0
BRDA:4,1,1,0
BRF:4
BRH:0
end_of_record
TN:
SF:src/BasicTemplate/BasicTemplate.stories.tsx
FN:8,(anonymous_0)
FNF:1
FNH:0
FNDA:0,(anonymous_0)
DA:8,0
DA:10,0
DA:14,0
LF:3
LH:0
BRF:0
BRH:0
end_of_record
TN:
SF:src/BasicTemplate/BasicTemplate.tsx
FN:2,BasicTemplate
FNF:1
FNH:0
FNDA:0,BasicTemplate
DA:3,0
LF:1
LH:0
BRF:0
BRH:0
end_of_record
TN:
SF:src/components/Pages/BookDetailsPage/BookDetailsPage.stories.tsx
FN:9,(anonymous_0)
FNF:1
FNH:0
FNDA:0,(anonymous_0)
DA:9,0
DA:10,0
DA:17,0
LF:3
LH:0
BRF:0
BRH:0
end_of_record
TN:
SF:src/components/Pages/BookDetailsPage/BookDetailsPage.tsx
FN:4,BookDetailsPage
FNF:1
FNH:1
FNDA:3,BookDetailsPage
DA:5,3
LF:1
LH:1
BRF:0
BRH:0
end_of_record
TN:
SF:src/components/Pages/EnterpreneurshipPage/EnterpreneurshipPage.stories.tsx
FN:9,(anonymous_0)
FNF:1
FNH:0
FNDA:0,(anonymous_0)
DA:9,0
DA:10,0
DA:17,0
LF:3
LH:0
BRF:0
BRH:0
end_of_record
TN:
SF:src/components/Pages/EnterpreneurshipPage/EnterpreneurshipPage.tsx
FN:5,EnterpreneurshipPage
FNF:1
FNH:1
FNDA:3,EnterpreneurshipPage
DA:6,3
LF:1
LH:1
BRF:0
BRH:0
end_of_record
TN:
SF:src/components/Pages/MyLibraryPage/MyLibraryPage.stories.tsx
FN:9,(anonymous_0)
FNF:1
FNH:0
FNDA:0,(anonymous_0)
DA:9,0
DA:10,0
DA:17,0
LF:3
LH:0
BRF:0
BRH:0
end_of_record
TN:
SF:src/components/Pages/MyLibraryPage/MyLibraryPage.tsx
FN:5,MyLibraryPage
FNF:1
FNH:1
FNDA:3,MyLibraryPage
DA:6,3
LF:1
LH:1
BRF:0
BRH:0
end_of_record
TN:
SF:src/components/Template/Template.tsx
FN:4,Template
FNF:1
FNH:1
FNDA:9,Template
DA:5,9
LF:1
LH:1
BRF:0
BRH:0
end_of_record
TN:
SF:src/components/atoms/Avatar/Avatar.stories.tsx
FN:9,(anonymous_0)
FNF:1
FNH:0
FNDA:0,(anonymous_0)
DA:9,0
DA:11,0
LF:2
LH:0
BRF:0
BRH:0
end_of_record
TN:
SF:src/components/atoms/Avatar/CustomAvatar.tsx
FN:4,CustomAvatar
FNF:1
FNH:1
FNDA:1,CustomAvatar
DA:5,1
LF:1
LH:1
BRF:0
BRH:0
end_of_record
TN:
SF:src/components/atoms/Button/Button.stories.tsx
FN:9,(anonymous_0)
FNF:1
FNH:0
FNDA:0,(anonymous_0)
DA:9,0
DA:10,0
DA:16,0
DA:17,0
LF:4
LH:0
BRF:0
BRH:0
end_of_record
TN:
SF:src/components/atoms/Button/CustomButton.tsx
FN:2,CustomButton
FNF:1
FNH:1
FNDA:199,CustomButton
DA:3,199
LF:1
LH:1
BRF:0
BRH:0
end_of_record
TN:
SF:src/components/atoms/Logo/Logo.stories.tsx
FN:8,(anonymous_0)
FNF:1
FNH:0
FNDA:0,(anonymous_0)
DA:8,0
LF:1
LH:0
BRF:0
BRH:0
end_of_record
TN:
SF:src/components/atoms/Logo/Logo.tsx
FN:7,Logo
FNF:1
FNH:1
FNDA:28,Logo
DA:8,28
LF:1
LH:1
BRF:0
BRH:0
end_of_record
TN:
SF:src/components/atoms/Search/CustomSearch.tsx
FN:8,(anonymous_0)
FNF:1
FNH:1
FNDA:46,(anonymous_0)
DA:8,5
DA:9,46
LF:2
LH:2
BRF:0
BRH:0
end_of_record
TN:
SF:src/components/atoms/Search/Search.stories.tsx
FN:9,(anonymous_0)
FNF:1
FNH:0
FNDA:0,(anonymous_0)
DA:9,0
DA:11,0
LF:2
LH:0
BRF:0
BRH:0
end_of_record
TN:
SF:src/components/atoms/typography/Typography.stories.tsx
FN:12,(anonymous_0)
FNF:1
FNH:0
FNDA:0,(anonymous_0)
DA:12,0
DA:14,0
DA:17,0
LF:3
LH:0
BRF:0
BRH:0
end_of_record
TN:
SF:src/components/atoms/typography/Typographys.tsx
FN:9,Typographys
FNF:1
FNH:1
FNDA:1567,Typographys
DA:10,1567
LF:1
LH:1
BRF:0
BRH:0
end_of_record
TN:
SF:src/components/molecules/Banner/Banner.stories.tsx
FN:9,(anonymous_0)
FNF:1
FNH:0
FNDA:0,(anonymous_0)
DA:9,0
DA:10,0
DA:15,0
LF:3
LH:0
BRF:0
BRH:0
end_of_record
TN:
SF:src/components/molecules/Banner/Banner.tsx
FN:5,Banner
FNF:1
FNH:1
FNDA:6,Banner
DA:6,6
DA:35,6
DA:36,6
LF:3
LH:3
BRF:0
BRH:0
end_of_record
TN:
SF:src/components/molecules/Card/Card.stories.tsx
FN:9,(anonymous_0)
FNF:1
FNH:0
FNDA:0,(anonymous_0)
DA:9,0
DA:10,0
DA:17,0
DA:18,0
DA:24,0
DA:25,0
DA:31,0
DA:32,0
LF:8
LH:0
BRF:0
BRH:0
end_of_record
TN:
SF:src/components/molecules/Card/Card.tsx
FN:26,(anonymous_0)
FNF:1
FNH:1
FNDA:63,(anonymous_0)
DA:26,5
DA:28,63
DA:50,63
DA:51,63
LF:4
LH:4
BRDA:73,0,0,63
BRDA:73,0,1,37
BRDA:87,1,0,63
BRDA:87,1,1,19
BRDA:108,2,0,63
BRDA:108,2,1,7
BRF:6
BRH:6
end_of_record
TN:
SF:src/components/molecules/Footer/Footer.stories.tsx
FN:13,(anonymous_0)
FNF:1
FNH:0
FNDA:0,(anonymous_0)
DA:13,0
DA:14,0
DA:21,0
LF:3
LH:0
BRF:0
BRH:0
end_of_record
TN:
SF:src/components/molecules/Footer/Footer.tsx
FN:5,(anonymous_0)
FNF:1
FNH:1
FNDA:11,(anonymous_0)
DA:5,4
DA:6,11
DA:36,11
DA:37,11
LF:4
LH:4
BRF:0
BRH:0
end_of_record
TN:
SF:src/components/organisms/BookDetails/BookDetails.stories.tsx
FN:9,(anonymous_0)
FNF:1
FNH:0
FNDA:0,(anonymous_0)
DA:9,0
DA:10,0
DA:17,0
LF:3
LH:0
BRF:0
BRH:0
end_of_record
TN:
SF:src/components/organisms/BookDetails/BookDetails.tsx
FN:13,BookDetails
FN:50,(anonymous_1)
FN:62,(anonymous_2)
FNF:3
FNH:3
FNDA:24,BookDetails
FNDA:1,(anonymous_1)
FNDA:4,(anonymous_2)
DA:14,24
DA:15,24
DA:48,24
DA:49,24
DA:50,24
DA:51,1
DA:52,1
DA:53,0
DA:54,0
DA:55,0
DA:60,0
DA:62,24
DA:63,4
DA:65,24
LF:14
LH:10
BRF:0
BRH:0
end_of_record
TN:
SF:src/components/organisms/Enterpreneurship/Enterpreneurship.stories.tsx
FN:9,(anonymous_0)
FNF:1
FNH:0
FNDA:0,(anonymous_0)
DA:9,0
DA:10,0
DA:17,0
LF:3
LH:0
BRF:0
BRH:0
end_of_record
TN:
SF:src/components/organisms/Enterpreneurship/Enterpreneurship.tsx
FN:21,(anonymous_0)
FN:36,(anonymous_1)
FN:37,(anonymous_2)
FN:49,(anonymous_3)
FN:54,(anonymous_4)
FN:56,(anonymous_5)
FN:60,(anonymous_6)
FN:69,(anonymous_7)
FNF:8
FNH:8
FNDA:31,(anonymous_0)
FNDA:15,(anonymous_1)
FNDA:15,(anonymous_2)
FNDA:1,(anonymous_3)
FNDA:93,(anonymous_4)
FNDA:135,(anonymous_5)
FNDA:39,(anonymous_6)
FNDA:1,(anonymous_7)
DA:21,2
DA:22,31
DA:23,31
DA:32,31
DA:33,31
DA:34,31
DA:35,31
DA:36,31
DA:37,15
DA:38,15
DA:40,15
DA:41,1
DA:43,15
DA:45,15
DA:47,15
DA:49,31
DA:50,1
DA:54,31
DA:56,135
DA:57,93
DA:58,0
DA:60,93
DA:61,39
DA:70,1
DA:71,1
DA:79,31
LF:26
LH:25
BRDA:40,0,0,1
BRDA:40,0,1,14
BRDA:57,1,0,0
BRDA:57,1,1,93
BRDA:97,2,0,31
BRDA:97,2,1,28
BRDA:105,3,0,31
BRDA:105,3,1,28
BRDA:113,4,0,31
BRDA:113,4,1,28
BRF:10
BRH:9
end_of_record
TN:
SF:src/components/organisms/Explore/Explore.stories.tsx
FN:13,(anonymous_0)
FNF:1
FNH:0
FNDA:0,(anonymous_0)
DA:13,0
DA:14,0
DA:21,0
LF:3
LH:0
BRF:0
BRH:0
end_of_record
TN:
SF:src/components/organisms/Explore/Explore.tsx
FN:34,(anonymous_0)
FN:62,(anonymous_1)
FN:67,(anonymous_2)
FN:74,(anonymous_3)
FN:79,(anonymous_4)
FN:123,(anonymous_5)
FN:135,(anonymous_6)
FN:147,(anonymous_7)
FN:159,(anonymous_8)
FN:171,(anonymous_9)
FN:183,(anonymous_10)
FN:198,(anonymous_11)
FN:210,(anonymous_12)
FN:222,(anonymous_13)
FN:235,(anonymous_14)
FN:250,(anonymous_15)
FN:262,(anonymous_16)
FN:276,(anonymous_17)
FN:289,(anonymous_18)
FN:305,(anonymous_19)
FN:317,(anonymous_20)
FN:329,(anonymous_21)
FN:341,(anonymous_22)
FN:357,(anonymous_23)
FNF:24
FNH:24
FNDA:50,(anonymous_0)
FNDA:50,(anonymous_1)
FNDA:6,(anonymous_2)
FNDA:5,(anonymous_3)
FNDA:1,(anonymous_4)
FNDA:2,(anonymous_5)
FNDA:1,(anonymous_6)
FNDA:1,(anonymous_7)
FNDA:1,(anonymous_8)
FNDA:1,(anonymous_9)
FNDA:1,(anonymous_10)
FNDA:1,(anonymous_11)
FNDA:1,(anonymous_12)
FNDA:1,(anonymous_13)
FNDA:1,(anonymous_14)
FNDA:1,(anonymous_15)
FNDA:1,(anonymous_16)
FNDA:1,(anonymous_17)
FNDA:1,(anonymous_18)
FNDA:1,(anonymous_19)
FNDA:1,(anonymous_20)
FNDA:1,(anonymous_21)
FNDA:1,(anonymous_22)
FNDA:56,(anonymous_23)
DA:30,5
DA:35,50
DA:62,5
DA:63,50
DA:64,50
DA:65,50
DA:67,50
DA:68,6
DA:69,6
DA:71,0
DA:74,50
DA:75,5
DA:76,5
DA:79,50
DA:80,1
DA:81,1
DA:83,50
DA:124,2
DA:125,2
DA:136,1
DA:137,1
DA:148,1
DA:149,1
DA:160,1
DA:161,1
DA:172,1
DA:173,1
DA:184,1
DA:185,1
DA:199,1
DA:200,1
DA:211,1
DA:212,1
DA:223,1
DA:224,1
DA:236,1
DA:237,1
DA:251,1
DA:252,1
DA:263,1
DA:264,1
DA:277,1
DA:278,1
DA:290,1
DA:291,1
DA:306,1
DA:307,1
DA:318,1
DA:319,1
DA:330,1
DA:331,1
DA:342,1
DA:343,1
DA:357,56
LF:54
LH:53
BRDA:68,0,0,6
BRDA:68,0,1,0
BRDA:103,1,0,50
BRDA:103,1,1,25
BRDA:103,1,2,25
BRDA:103,1,3,25
BRF:6
BRH:5
end_of_record
TN:
SF:src/components/organisms/Header/Header.stories.tsx
FN:13,(anonymous_0)
FNF:1
FNH:0
FNDA:0,(anonymous_0)
DA:13,0
DA:14,0
DA:21,0
LF:3
LH:0
BRF:0
BRH:0
end_of_record
TN:
SF:src/components/organisms/Header/Header.tsx
FN:29,(anonymous_0)
FN:37,(anonymous_1)
FN:40,(anonymous_2)
FN:44,(anonymous_3)
FN:47,(anonymous_4)
FN:51,(anonymous_5)
FN:54,(anonymous_6)
FN:129,(anonymous_7)
FN:183,(anonymous_8)
FN:204,(anonymous_9)
FNF:10
FNH:3
FNDA:16,(anonymous_0)
FNDA:0,(anonymous_1)
FNDA:1,(anonymous_2)
FNDA:0,(anonymous_3)
FNDA:0,(anonymous_4)
FNDA:0,(anonymous_5)
FNDA:0,(anonymous_6)
FNDA:1,(anonymous_7)
FNDA:0,(anonymous_8)
FNDA:0,(anonymous_9)
DA:29,4
DA:30,16
DA:31,16
DA:33,16
DA:35,16
DA:37,16
DA:38,0
DA:40,16
DA:41,1
DA:44,16
DA:45,0
DA:47,16
DA:48,0
DA:51,16
DA:52,0
DA:53,0
DA:54,0
DA:56,0
DA:65,0
DA:67,16
DA:129,1
DA:184,0
DA:205,0
DA:206,0
LF:24
LH:13
BRDA:151,0,0,16
BRDA:151,0,1,16
BRDA:152,1,0,16
BRDA:152,1,1,0
BRDA:172,2,0,16
BRDA:172,2,1,16
BRDA:191,3,0,16
BRDA:191,3,1,0
BRF:8
BRH:6
end_of_record
TN:
SF:src/components/organisms/MyLibrary/MyLibrary.stories.tsx
FN:9,(anonymous_0)
FNF:1
FNH:0
FNDA:0,(anonymous_0)
DA:9,0
DA:10,0
DA:17,0
LF:3
LH:0
BRF:0
BRH:0
end_of_record
TN:
SF:src/components/organisms/MyLibrary/MyLibrary.tsx
FN:19,(anonymous_0)
FN:30,(anonymous_1)
FN:31,(anonymous_2)
FN:37,(anonymous_3)
FN:40,renderCard
FN:49,(anonymous_5)
FN:54,(anonymous_6)
FN:55,(anonymous_7)
FN:57,(anonymous_8)
FN:62,(anonymous_9)
FN:66,(anonymous_10)
FNF:11
FNH:11
FNDA:23,(anonymous_0)
FNDA:10,(anonymous_1)
FNDA:10,(anonymous_2)
FNDA:2,(anonymous_3)
FNDA:24,renderCard
FNDA:1,(anonymous_5)
FNDA:23,(anonymous_6)
FNDA:55,(anonymous_7)
FNDA:55,(anonymous_8)
FNDA:18,(anonymous_9)
FNDA:6,(anonymous_10)
DA:19,2
DA:20,23
DA:26,23
DA:27,23
DA:28,23
DA:29,23
DA:30,23
DA:31,10
DA:32,10
DA:33,10
DA:35,10
DA:37,23
DA:38,2
DA:41,24
DA:49,1
DA:54,23
DA:55,55
DA:57,55
DA:58,23
DA:59,0
DA:61,23
DA:62,19
DA:63,18
DA:66,4
DA:67,6
DA:72,23
LF:26
LH:25
BRDA:58,0,0,0
BRDA:58,0,1,23
BRDA:61,1,0,19
BRDA:61,1,1,4
BRF:4
BRH:3
end_of_record
TN:
SF:src/components/organisms/Tab/CustomTabs.tsx
FN:8,CustomTabs
FN:11,(anonymous_1)
FNF:2
FNH:2
FNDA:31,CustomTabs
FNDA:4,(anonymous_1)
DA:9,31
DA:11,31
DA:12,4
DA:13,4
DA:16,31
LF:5
LH:5
BRDA:13,0,0,4
BRDA:13,0,1,2
BRF:2
BRH:2
end_of_record
TN:
SF:src/components/organisms/Tab/Tab.stories.tsx
FN:12,(anonymous_0)
FNF:1
FNH:0
FNDA:0,(anonymous_0)
DA:12,0
DA:13,0
DA:18,0
DA:20,0
LF:4
LH:0
BRF:0
BRH:0
end_of_record
